android/app/build/intermediates/manifest_merge_blame_file/debug/manifest-merger-blame-debug-report.txt
1<?xml version="1.0" encoding="utf-8"?>
2<manifest xmlns:android="http://schemas.android.com/apk/res/android"
3    package="com.patientui"
4    android:versionCode="1"
5    android:versionName="1.0" >
6
7    <uses-sdk
8        android:minSdkVersion="21"
9        android:targetSdkVersion="31" />
10
11    <uses-permission android:name="android.permission.SYSTEM_ALERT_WINDOW" />
11-->src/debug/AndroidManifest.xml:5:5-77
11-->src/debug/AndroidManifest.xml:5:22-75
12    <uses-permission android:name="android.permission.INTERNET" />
12-->src/main/AndroidManifest.xml:4:5-67
12-->src/main/AndroidManifest.xml:4:22-64
13    <uses-permission android:name="android.permission.CAMERA" />
13-->src/main/AndroidManifest.xml:5:5-65
13-->src/main/AndroidManifest.xml:5:22-62
14    <uses-permission android:name="android.permission.VIBRATE" />
14-->src/main/AndroidManifest.xml:6:5-65
14-->src/main/AndroidManifest.xml:6:22-63
15    <uses-permission android:name="android.permission.ACCESS_BACKGROUND_LOCATION" />
15-->src/main/AndroidManifest.xml:7:5-85
15-->src/main/AndroidManifest.xml:7:22-82
16    <uses-permission android:name="android.permission.ACCESS_COARSE_LOCATION" />
16-->src/main/AndroidManifest.xml:8:5-81
16-->src/main/AndroidManifest.xml:8:22-78
17    <uses-permission android:name="android.permission.ACCESS_FINE_LOCATION" />
17-->src/main/AndroidManifest.xml:9:5-79
17-->src/main/AndroidManifest.xml:9:22-76
18    <uses-permission android:name="android.permission.ACCESS_MEDIA_LOCATION" />
18-->src/main/AndroidManifest.xml:10:5-80
18-->src/main/AndroidManifest.xml:10:22-77
19    <uses-permission android:name="android.permission.ACTIVITY_RECOGNITION" />
19-->src/main/AndroidManifest.xml:11:5-79
19-->src/main/AndroidManifest.xml:11:22-76
20    <uses-permission android:name="android.permission.ANSWER_PHONE_CALLS" />
20-->src/main/AndroidManifest.xml:12:5-77
20-->src/main/AndroidManifest.xml:12:22-74
21    <uses-permission android:name="android.permission.BLUETOOTH_ADVERTISE" />
21-->src/main/AndroidManifest.xml:13:5-78
21-->src/main/AndroidManifest.xml:13:22-75
22    <uses-permission android:name="android.permission.BLUETOOTH_CONNECT" />
22-->src/main/AndroidManifest.xml:14:5-76
22-->src/main/AndroidManifest.xml:14:22-73
23    <uses-permission android:name="android.permission.BLUETOOTH_SCAN" />
23-->src/main/AndroidManifest.xml:15:5-73
23-->src/main/AndroidManifest.xml:15:22-70
24    <uses-permission android:name="android.permission.RECEIVE_WAP_PUSH" />
24-->src/main/AndroidManifest.xml:16:5-75
24-->src/main/AndroidManifest.xml:16:22-72
25    <uses-permission android:name="android.permission.RECORD_AUDIO" />
25-->src/main/AndroidManifest.xml:17:5-71
25-->src/main/AndroidManifest.xml:17:22-68
26    <uses-permission android:name="android.permission.ACCESS_NETWORK_STATE" />
26-->src/main/AndroidManifest.xml:18:5-79
26-->src/main/AndroidManifest.xml:18:22-76
27    <uses-permission android:name="android.permission.READ_EXTERNAL_STORAGE" />
27-->src/main/AndroidManifest.xml:19:5-80
27-->src/main/AndroidManifest.xml:19:22-77
28    <uses-permission android:name="android.permission.WRITE_EXTERNAL_STORAGE" />
28-->src/main/AndroidManifest.xml:20:5-81
28-->src/main/AndroidManifest.xml:20:22-78
29
30    <permission
30-->src/main/AndroidManifest.xml:22:5-24:51
31        android:name="android.permission.ACCESS_COARSE_LOCATION"
31-->src/main/AndroidManifest.xml:23:13-69
32        android:protectionLevel="signature" />
32-->src/main/AndroidManifest.xml:24:13-48
33    <permission
33-->src/main/AndroidManifest.xml:25:6-27:54
34        android:name="android.permission.ACCESS_FINE_LOCATION"
34-->src/main/AndroidManifest.xml:26:17-71
35        android:protectionLevel="signature" />
35-->src/main/AndroidManifest.xml:27:17-52
36
37    <uses-permission android:name="android.permission.ACCESS_WIFI_STATE" />
37-->[com.facebook.flipper:flipper:0.99.0] AndroidManifest.xml:16:5-76
37-->[com.facebook.flipper:flipper:0.99.0] AndroidManifest.xml:16:22-73
38    <uses-permission android:name="android.permission.READ_PHONE_STATE" />
38-->[:react-native-agora] AndroidManifest.xml:10:5-75
38-->[:react-native-agora] AndroidManifest.xml:10:22-72
39    <uses-permission android:name="android.permission.MODIFY_AUDIO_SETTINGS" />
39-->[:react-native-agora] AndroidManifest.xml:14:5-80
39-->[:react-native-agora] AndroidManifest.xml:14:22-77
40    <uses-permission android:name="android.permission.BLUETOOTH" />
40-->[:react-native-agora] AndroidManifest.xml:16:5-68
40-->[:react-native-agora] AndroidManifest.xml:16:22-65
41    <uses-permission android:name="android.permission.READ_PRIVILEGED_PHONE_STATE" />
41-->[:react-native-agora] AndroidManifest.xml:19:5-21:47
41-->[:react-native-agora] AndroidManifest.xml:20:9-70
42
43    <queries>
43-->[androidx.camera:camera-extensions:1.1.0-beta02] AndroidManifest.xml:24:5-28:15
44        <intent>
44-->[androidx.camera:camera-extensions:1.1.0-beta02] AndroidManifest.xml:25:9-27:18
45            <action android:name="androidx.camera.extensions.action.VENDOR_ACTION" />
45-->[androidx.camera:camera-extensions:1.1.0-beta02] AndroidManifest.xml:26:13-86
45-->[androidx.camera:camera-extensions:1.1.0-beta02] AndroidManifest.xml:26:21-83
46        </intent>
47    </queries>
48
49    <uses-permission android:name="android.permission.WAKE_LOCK" />
49-->[androidx.work:work-runtime:2.5.0] AndroidManifest.xml:25:5-68
49-->[androidx.work:work-runtime:2.5.0] AndroidManifest.xml:25:22-65
50    <uses-permission android:name="android.permission.RECEIVE_BOOT_COMPLETED" />
50-->[androidx.work:work-runtime:2.5.0] AndroidManifest.xml:27:5-81
50-->[androidx.work:work-runtime:2.5.0] AndroidManifest.xml:27:22-78
51    <uses-permission android:name="android.permission.FOREGROUND_SERVICE" />
51-->[androidx.work:work-runtime:2.5.0] AndroidManifest.xml:28:5-77
51-->[androidx.work:work-runtime:2.5.0] AndroidManifest.xml:28:22-74
52
53    <uses-feature
53-->[com.google.android.gms:play-services-maps:17.0.0] AndroidManifest.xml:26:5-28:35
54        android:glEsVersion="0x00020000"
54-->[com.google.android.gms:play-services-maps:17.0.0] AndroidManifest.xml:27:9-41
55        android:required="true" />
55-->[com.google.android.gms:play-services-maps:17.0.0] AndroidManifest.xml:28:9-32
56
57    <application
57-->src/main/AndroidManifest.xml:28:5-51:19
58        android:name="com.patientui.MainApplication"
58-->src/main/AndroidManifest.xml:29:7-38
59        android:allowBackup="false"
59-->src/main/AndroidManifest.xml:33:7-34
60        android:appComponentFactory="androidx.core.app.CoreComponentFactory"
60-->[androidx.core:core:1.6.0] AndroidManifest.xml:24:18-86
61        android:debuggable="true"
62        android:icon="@mipmap/ic_launcher"
62-->src/main/AndroidManifest.xml:31:7-41
63        android:label="@string/app_name"
63-->src/main/AndroidManifest.xml:30:7-39
64        android:roundIcon="@mipmap/ic_launcher_round"
64-->src/main/AndroidManifest.xml:32:7-52
65        android:theme="@style/AppTheme"
65-->src/main/AndroidManifest.xml:34:7-38
66        android:usesCleartextTraffic="true" >
66-->src/debug/AndroidManifest.xml:8:9-44
67        <activity android:name="com.facebook.react.devsupport.DevSettingsActivity" />
67-->src/debug/AndroidManifest.xml:11:9-86
67-->src/debug/AndroidManifest.xml:11:19-83
68        <activity
68-->src/main/AndroidManifest.xml:35:7-46:18
69            android:name="com.patientui.MainActivity"
69-->src/main/AndroidManifest.xml:36:9-37
70            android:configChanges="keyboard|keyboardHidden|orientation|screenSize|uiMode"
70-->src/main/AndroidManifest.xml:39:9-86
71            android:exported="true"
71-->src/main/AndroidManifest.xml:37:9-32
72            android:label="@string/app_name"
72-->src/main/AndroidManifest.xml:38:9-41
73            android:launchMode="singleTask"
73-->src/main/AndroidManifest.xml:40:9-40
74            android:windowSoftInputMode="adjustResize" >
74-->src/main/AndroidManifest.xml:41:9-51
75            <intent-filter>
75-->src/main/AndroidManifest.xml:42:9-45:25
76                <action android:name="android.intent.action.MAIN" />
76-->src/main/AndroidManifest.xml:43:13-65
76-->src/main/AndroidManifest.xml:43:21-62
77
78                <category android:name="android.intent.category.LAUNCHER" />
78-->src/main/AndroidManifest.xml:44:13-73
78-->src/main/AndroidManifest.xml:44:23-70
79            </intent-filter>
80        </activity>
81
82        <meta-data
82-->src/main/AndroidManifest.xml:47:7-49:66
83            android:name="com.google.android.geo.API_KEY"
83-->src/main/AndroidManifest.xml:48:9-54
84            android:value="AIzaSyBtninS1JvXDdWUNcZspWURij-t9gcQKkE" />
84-->src/main/AndroidManifest.xml:49:9-64
85
86        <uses-library
86-->src/main/AndroidManifest.xml:50:7-85
87            android:name="org.apache.http.legacy"
87-->src/main/AndroidManifest.xml:50:21-58
88            android:required="false" />
88-->src/main/AndroidManifest.xml:50:59-83
89
90        <provider
90-->[:react-native-image-picker] AndroidManifest.xml:10:9-18:20
91            android:name="com.imagepicker.ImagePickerProvider"
91-->[:react-native-image-picker] AndroidManifest.xml:11:13-63
92            android:authorities="com.patientui.imagepickerprovider"
92-->[:react-native-image-picker] AndroidManifest.xml:12:13-71
93            android:exported="false"
93-->[:react-native-image-picker] AndroidManifest.xml:13:13-37
94            android:grantUriPermissions="true" >
94-->[:react-native-image-picker] AndroidManifest.xml:14:13-47
95            <meta-data
95-->[:react-native-image-picker] AndroidManifest.xml:15:13-17:70
96                android:name="android.support.FILE_PROVIDER_PATHS"
96-->[:react-native-image-picker] AndroidManifest.xml:16:17-67
97                android:resource="@xml/imagepicker_provider_paths" />
97-->[:react-native-image-picker] AndroidManifest.xml:17:17-67
98        </provider>
99
100        <uses-library
100-->[androidx.camera:camera-extensions:1.1.0-beta02] AndroidManifest.xml:31:9-33:40
101            android:name="androidx.camera.extensions.impl"
101-->[androidx.camera:camera-extensions:1.1.0-beta02] AndroidManifest.xml:32:13-59
102            android:required="false" />
102-->[androidx.camera:camera-extensions:1.1.0-beta02] AndroidManifest.xml:33:13-37
103
104        <service
104-->[androidx.camera:camera-camera2:1.1.0-beta02] AndroidManifest.xml:26:9-35:19
105            android:name="androidx.camera.core.impl.MetadataHolderService"
105-->[androidx.camera:camera-camera2:1.1.0-beta02] AndroidManifest.xml:27:13-75
106            android:enabled="false"
106-->[androidx.camera:camera-camera2:1.1.0-beta02] AndroidManifest.xml:28:13-36
107            android:exported="false" >
107-->[androidx.camera:camera-camera2:1.1.0-beta02] AndroidManifest.xml:29:13-37
108            <meta-data
108-->[androidx.camera:camera-camera2:1.1.0-beta02] AndroidManifest.xml:32:13-34:89
109                android:name="androidx.camera.core.impl.MetadataHolderService.DEFAULT_CONFIG_PROVIDER"
109-->[androidx.camera:camera-camera2:1.1.0-beta02] AndroidManifest.xml:33:17-103
110                android:value="androidx.camera.camera2.Camera2Config$DefaultProvider" />
110-->[androidx.camera:camera-camera2:1.1.0-beta02] AndroidManifest.xml:34:17-86
111        </service>
112
113        <provider
113-->[androidx.work:work-runtime:2.5.0] AndroidManifest.xml:31:9-37:35
114            android:name="androidx.work.impl.WorkManagerInitializer"
114-->[androidx.work:work-runtime:2.5.0] AndroidManifest.xml:32:13-69
115            android:authorities="com.patientui.workmanager-init"
115-->[androidx.work:work-runtime:2.5.0] AndroidManifest.xml:33:13-68
116            android:directBootAware="false"
116-->[androidx.work:work-runtime:2.5.0] AndroidManifest.xml:34:13-44
117            android:exported="false"
117-->[androidx.work:work-runtime:2.5.0] AndroidManifest.xml:35:13-37
118            android:multiprocess="true" />
118-->[androidx.work:work-runtime:2.5.0] AndroidManifest.xml:36:13-40
119
120        <service
120-->[androidx.work:work-runtime:2.5.0] AndroidManifest.xml:39:9-44:35
121            android:name="androidx.work.impl.background.systemalarm.SystemAlarmService"
121-->[androidx.work:work-runtime:2.5.0] AndroidManifest.xml:40:13-88
122            android:directBootAware="false"
122-->[androidx.work:work-runtime:2.5.0] AndroidManifest.xml:41:13-44
123            android:enabled="@bool/enable_system_alarm_service_default"
123-->[androidx.work:work-runtime:2.5.0] AndroidManifest.xml:42:13-72
124            android:exported="false" />
124-->[androidx.work:work-runtime:2.5.0] AndroidManifest.xml:43:13-37
125        <service
125-->[androidx.work:work-runtime:2.5.0] AndroidManifest.xml:45:9-51:35
126            android:name="androidx.work.impl.background.systemjob.SystemJobService"
126-->[androidx.work:work-runtime:2.5.0] AndroidManifest.xml:46:13-84
127            android:directBootAware="false"
127-->[androidx.work:work-runtime:2.5.0] AndroidManifest.xml:47:13-44
128            android:enabled="@bool/enable_system_job_service_default"
128-->[androidx.work:work-runtime:2.5.0] AndroidManifest.xml:48:13-70
129            android:exported="true"
129-->[androidx.work:work-runtime:2.5.0] AndroidManifest.xml:49:13-36
130            android:permission="android.permission.BIND_JOB_SERVICE" />
130-->[androidx.work:work-runtime:2.5.0] AndroidManifest.xml:50:13-69
131        <service
131-->[androidx.work:work-runtime:2.5.0] AndroidManifest.xml:52:9-57:35
132            android:name="androidx.work.impl.foreground.SystemForegroundService"
132-->[androidx.work:work-runtime:2.5.0] AndroidManifest.xml:53:13-81
133            android:directBootAware="false"
133-->[androidx.work:work-runtime:2.5.0] AndroidManifest.xml:54:13-44
134            android:enabled="@bool/enable_system_foreground_service_default"
134-->[androidx.work:work-runtime:2.5.0] AndroidManifest.xml:55:13-77
135            android:exported="false" />
135-->[androidx.work:work-runtime:2.5.0] AndroidManifest.xml:56:13-37
136
137        <receiver
137-->[androidx.work:work-runtime:2.5.0] AndroidManifest.xml:59:9-64:35
138            android:name="androidx.work.impl.utils.ForceStopRunnable$BroadcastReceiver"
138-->[androidx.work:work-runtime:2.5.0] AndroidManifest.xml:60:13-88
139            android:directBootAware="false"
139-->[androidx.work:work-runtime:2.5.0] AndroidManifest.xml:61:13-44
140            android:enabled="true"
140-->[androidx.work:work-runtime:2.5.0] AndroidManifest.xml:62:13-35
141            android:exported="false" />
141-->[androidx.work:work-runtime:2.5.0] AndroidManifest.xml:63:13-37
142        <receiver
142-->[androidx.work:work-runtime:2.5.0] AndroidManifest.xml:65:9-75:20
143            android:name="androidx.work.impl.background.systemalarm.ConstraintProxy$BatteryChargingProxy"
143-->[androidx.work:work-runtime:2.5.0] AndroidManifest.xml:66:13-106
144            android:directBootAware="false"
144-->[androidx.work:work-runtime:2.5.0] AndroidManifest.xml:67:13-44
145            android:enabled="false"
145-->[androidx.work:work-runtime:2.5.0] AndroidManifest.xml:68:13-36
146            android:exported="false" >
146-->[androidx.work:work-runtime:2.5.0] AndroidManifest.xml:69:13-37
147            <intent-filter>
147-->[androidx.work:work-runtime:2.5.0] AndroidManifest.xml:71:13-74:29
148                <action android:name="android.intent.action.ACTION_POWER_CONNECTED" />
148-->[androidx.work:work-runtime:2.5.0] AndroidManifest.xml:72:17-87
148-->[androidx.work:work-runtime:2.5.0] AndroidManifest.xml:72:25-84
149                <action android:name="android.intent.action.ACTION_POWER_DISCONNECTED" />
149-->[androidx.work:work-runtime:2.5.0] AndroidManifest.xml:73:17-90
149-->[androidx.work:work-runtime:2.5.0] AndroidManifest.xml:73:25-87
150            </intent-filter>
151        </receiver>
152        <receiver
152-->[androidx.work:work-runtime:2.5.0] AndroidManifest.xml:76:9-86:20
153            android:name="androidx.work.impl.background.systemalarm.ConstraintProxy$BatteryNotLowProxy"
153-->[androidx.work:work-runtime:2.5.0] AndroidManifest.xml:77:13-104
154            android:directBootAware="false"
154-->[androidx.work:work-runtime:2.5.0] AndroidManifest.xml:78:13-44
155            android:enabled="false"
155-->[androidx.work:work-runtime:2.5.0] AndroidManifest.xml:79:13-36
156            android:exported="false" >
156-->[androidx.work:work-runtime:2.5.0] AndroidManifest.xml:80:13-37
157            <intent-filter>
157-->[androidx.work:work-runtime:2.5.0] AndroidManifest.xml:82:13-85:29
158                <action android:name="android.intent.action.BATTERY_OKAY" />
158-->[androidx.work:work-runtime:2.5.0] AndroidManifest.xml:83:17-77
158-->[androidx.work:work-runtime:2.5.0] AndroidManifest.xml:83:25-74
159                <action android:name="android.intent.action.BATTERY_LOW" />
159-->[androidx.work:work-runtime:2.5.0] AndroidManifest.xml:84:17-76
159-->[androidx.work:work-runtime:2.5.0] AndroidManifest.xml:84:25-73
160            </intent-filter>
161        </receiver>
162        <receiver
162-->[androidx.work:work-runtime:2.5.0] AndroidManifest.xml:87:9-97:20
163            android:name="androidx.work.impl.background.systemalarm.ConstraintProxy$StorageNotLowProxy"
163-->[androidx.work:work-runtime:2.5.0] AndroidManifest.xml:88:13-104
164            android:directBootAware="false"
164-->[androidx.work:work-runtime:2.5.0] AndroidManifest.xml:89:13-44
165            android:enabled="false"
165-->[androidx.work:work-runtime:2.5.0] AndroidManifest.xml:90:13-36
166            android:exported="false" >
166-->[androidx.work:work-runtime:2.5.0] AndroidManifest.xml:91:13-37
167            <intent-filter>
167-->[androidx.work:work-runtime:2.5.0] AndroidManifest.xml:93:13-96:29
168                <action android:name="android.intent.action.DEVICE_STORAGE_LOW" />
168-->[androidx.work:work-runtime:2.5.0] AndroidManifest.xml:94:17-83
168-->[androidx.work:work-runtime:2.5.0] AndroidManifest.xml:94:25-80
169                <action android:name="android.intent.action.DEVICE_STORAGE_OK" />
169-->[androidx.work:work-runtime:2.5.0] AndroidManifest.xml:95:17-82
169-->[androidx.work:work-runtime:2.5.0] AndroidManifest.xml:95:25-79
170            </intent-filter>
171        </receiver>
172        <receiver
172-->[androidx.work:work-runtime:2.5.0] AndroidManifest.xml:98:9-107:20
173            android:name="androidx.work.impl.background.systemalarm.ConstraintProxy$NetworkStateProxy"
173-->[androidx.work:work-runtime:2.5.0] AndroidManifest.xml:99:13-103
174            android:directBootAware="false"
174-->[androidx.work:work-runtime:2.5.0] AndroidManifest.xml:100:13-44
175            android:enabled="false"
175-->[androidx.work:work-runtime:2.5.0] AndroidManifest.xml:101:13-36
176            android:exported="false" >
176-->[androidx.work:work-runtime:2.5.0] AndroidManifest.xml:102:13-37
177            <intent-filter>
177-->[androidx.work:work-runtime:2.5.0] AndroidManifest.xml:104:13-106:29
178                <action android:name="android.net.conn.CONNECTIVITY_CHANGE" />
178-->[androidx.work:work-runtime:2.5.0] AndroidManifest.xml:105:17-79
178-->[androidx.work:work-runtime:2.5.0] AndroidManifest.xml:105:25-76
179            </intent-filter>
180        </receiver>
181        <receiver
181-->[androidx.work:work-runtime:2.5.0] AndroidManifest.xml:108:9-119:20
182            android:name="androidx.work.impl.background.systemalarm.RescheduleReceiver"
182-->[androidx.work:work-runtime:2.5.0] AndroidManifest.xml:109:13-88
183            android:directBootAware="false"
183-->[androidx.work:work-runtime:2.5.0] AndroidManifest.xml:110:13-44
184            android:enabled="false"
184-->[androidx.work:work-runtime:2.5.0] AndroidManifest.xml:111:13-36
185            android:exported="false" >
185-->[androidx.work:work-runtime:2.5.0] AndroidManifest.xml:112:13-37
186            <intent-filter>
186-->[androidx.work:work-runtime:2.5.0] AndroidManifest.xml:114:13-118:29
187                <action android:name="android.intent.action.BOOT_COMPLETED" />
187-->[androidx.work:work-runtime:2.5.0] AndroidManifest.xml:115:17-79
187-->[androidx.work:work-runtime:2.5.0] AndroidManifest.xml:115:25-76
188                <action android:name="android.intent.action.TIME_SET" />
188-->[androidx.work:work-runtime:2.5.0] AndroidManifest.xml:116:17-73
188-->[androidx.work:work-runtime:2.5.0] AndroidManifest.xml:116:25-70
189                <action android:name="android.intent.action.TIMEZONE_CHANGED" />
189-->[androidx.work:work-runtime:2.5.0] AndroidManifest.xml:117:17-81
189-->[androidx.work:work-runtime:2.5.0] AndroidManifest.xml:117:25-78
190            </intent-filter>
191        </receiver>
192        <receiver
192-->[androidx.work:work-runtime:2.5.0] AndroidManifest.xml:120:9-129:20
193            android:name="androidx.work.impl.background.systemalarm.ConstraintProxyUpdateReceiver"
193-->[androidx.work:work-runtime:2.5.0] AndroidManifest.xml:121:13-99
194            android:directBootAware="false"
194-->[androidx.work:work-runtime:2.5.0] AndroidManifest.xml:122:13-44
195            android:enabled="@bool/enable_system_alarm_service_default"
195-->[androidx.work:work-runtime:2.5.0] AndroidManifest.xml:123:13-72
196            android:exported="false" >
196-->[androidx.work:work-runtime:2.5.0] AndroidManifest.xml:124:13-37
197            <intent-filter>
197-->[androidx.work:work-runtime:2.5.0] AndroidManifest.xml:126:13-128:29
198                <action android:name="androidx.work.impl.background.systemalarm.UpdateProxies" />
198-->[androidx.work:work-runtime:2.5.0] AndroidManifest.xml:127:17-98
198-->[androidx.work:work-runtime:2.5.0] AndroidManifest.xml:127:25-95
199            </intent-filter>
200        </receiver>
201        <receiver
201-->[androidx.work:work-runtime:2.5.0] AndroidManifest.xml:130:9-140:20
202            android:name="androidx.work.impl.diagnostics.DiagnosticsReceiver"
202-->[androidx.work:work-runtime:2.5.0] AndroidManifest.xml:131:13-78
203            android:directBootAware="false"
203-->[androidx.work:work-runtime:2.5.0] AndroidManifest.xml:132:13-44
204            android:enabled="true"
204-->[androidx.work:work-runtime:2.5.0] AndroidManifest.xml:133:13-35
205            android:exported="true"
205-->[androidx.work:work-runtime:2.5.0] AndroidManifest.xml:134:13-36
206            android:permission="android.permission.DUMP" >
206-->[androidx.work:work-runtime:2.5.0] AndroidManifest.xml:135:13-57
207            <intent-filter>
207-->[androidx.work:work-runtime:2.5.0] AndroidManifest.xml:137:13-139:29
208                <action android:name="androidx.work.diagnostics.REQUEST_DIAGNOSTICS" />
208-->[androidx.work:work-runtime:2.5.0] AndroidManifest.xml:138:17-88
208-->[androidx.work:work-runtime:2.5.0] AndroidManifest.xml:138:25-85
209            </intent-filter>
210        </receiver>
211
212        <service
212-->[androidx.room:room-runtime:2.2.5] AndroidManifest.xml:25:9-28:40
213            android:name="androidx.room.MultiInstanceInvalidationService"
213-->[androidx.room:room-runtime:2.2.5] AndroidManifest.xml:26:13-74
214            android:directBootAware="true"
214-->[androidx.room:room-runtime:2.2.5] AndroidManifest.xml:27:13-43
215            android:exported="false" />
215-->[androidx.room:room-runtime:2.2.5] AndroidManifest.xml:28:13-37
216
217        <activity
217-->[com.google.android.gms:play-services-base:17.0.0] AndroidManifest.xml:23:9-26:75
218            android:name="com.google.android.gms.common.api.GoogleApiActivity"
218-->[com.google.android.gms:play-services-base:17.0.0] AndroidManifest.xml:24:13-79
219            android:exported="false"
219-->[com.google.android.gms:play-services-base:17.0.0] AndroidManifest.xml:25:13-37
220            android:theme="@android:style/Theme.Translucent.NoTitleBar" />
220-->[com.google.android.gms:play-services-base:17.0.0] AndroidManifest.xml:26:13-72
221
222        <meta-data
222-->[com.google.android.gms:play-services-basement:17.0.0] AndroidManifest.xml:23:9-25:69
223            android:name="com.google.android.gms.version"
223-->[com.google.android.gms:play-services-basement:17.0.0] AndroidManifest.xml:24:13-58
224            android:value="@integer/google_play_services_version" />
224-->[com.google.android.gms:play-services-basement:17.0.0] AndroidManifest.xml:25:13-66
225    </application>
226
227</manifest>